<?xml version="1.0" encoding="UTF-8"?>
<!-- Generated by org.testng.reporters.JUnitReportReporter -->
<testsuite skipped="1" hostname="DESKTOP-Q6622EH" name="com.test.classes.AdditionTest" tests="1" failures="0" timestamp="2021-09-22T12:29:08 CDT" time="0.000" errors="0">
  <testcase name="additionTest" time="0.000" classname="com.test.classes.AdditionTest">
    <skipped/>
  </testcase> <!-- additionTest -->
  <system-out/>
</testsuite> <!-- com.test.classes.AdditionTest -->
