<?xml version="1.0" encoding="UTF-8"?>
<!-- Generated by org.testng.reporters.JUnitReportReporter -->
<testsuite skipped="0" hostname="DESKTOP-Q6622EH" name="com.test.classes.AdditionTest" tests="1" failures="0" timestamp="2021-09-22T12:45:30 CDT" time="13.676" errors="0">
  <testcase name="additionTest" time="13.676" classname="com.test.classes.AdditionTest"/>
  <system-out/>
</testsuite> <!-- com.test.classes.AdditionTest -->
